<?xml version="1.0" encoding="UTF-8"?>
<testsuite xmlns:xsi="http://www.w3.org/2001/XMLSchema-instance" xsi:schemaLocation="https://maven.apache.org/surefire/maven-surefire-plugin/xsd/surefire-test-report.xsd" name="fr.christophelouer.utilconsole.common.file.util.GestionFichiersTest" time="0.073" tests="5" errors="0" skipped="0" failures="0">
  <properties>
    <property name="java.runtime.name" value="Java(TM) SE Runtime Environment"/>
    <property name="sun.boot.library.path" value="C:\PRSI\STAGES\PRSI-STUDIO\1_8_0_162\jre\bin"/>
    <property name="java.vm.version" value="25.162-b12"/>
    <property name="java.vm.vendor" value="Oracle Corporation"/>
    <property name="maven.multiModuleProjectDirectory" value="C:\PRSI\STAGES\Git\CLR\CLR\CLR\CLR_UtilConsole"/>
    <property name="java.vendor.url" value="http://java.oracle.com/"/>
    <property name="path.separator" value=";"/>
    <property name="guice.disable.misplaced.annotation.check" value="true"/>
    <property name="java.vm.name" value="Java HotSpot(TM) 64-Bit Server VM"/>
    <property name="file.encoding.pkg" value="sun.io"/>
    <property name="user.script" value=""/>
    <property name="user.country" value="FR"/>
    <property name="sun.java.launcher" value="SUN_STANDARD"/>
    <property name="sun.os.patch.level" value=""/>
    <property name="java.vm.specification.name" value="Java Virtual Machine Specification"/>
    <property name="user.dir" value="C:\PRSI\STAGES\Git\CLR\CLR\CLR\CLR_UtilConsole"/>
    <property name="java.runtime.version" value="1.8.0_162-b12"/>
    <property name="java.awt.graphicsenv" value="sun.awt.Win32GraphicsEnvironment"/>
    <property name="java.endorsed.dirs" value="C:\PRSI\STAGES\PRSI-STUDIO\1_8_0_162\jre\lib\endorsed"/>
    <property name="os.arch" value="amd64"/>
    <property name="java.io.tmpdir" value="C:\Users\COMMUN~1\AppData\Local\Temp\"/>
    <property name="line.separator" value="&#10;"/>
    <property name="java.vm.specification.vendor" value="Oracle Corporation"/>
    <property name="user.variant" value=""/>
    <property name="os.name" value="Windows 10"/>
    <property name="classworlds.conf" value="C:\PRSI\STAGES\2020\ENGUERRAN\WKS\.metadata\.plugins\org.eclipse.m2e.launching\launches\m2conf4953640472679493890.tmp"/>
    <property name="sun.jnu.encoding" value="Cp1252"/>
    <property name="java.library.path" value="C:\PRSI\STAGES\PRSI-STUDIO\1_8_0_162\bin;C:\WINDOWS\Sun\Java\bin;C:\WINDOWS\system32;C:\WINDOWS;C:/PRSI/STAGES/PRSI-STUDIO/eclipse//../1_8_0_162/bin/../jre/bin/server;C:/PRSI/STAGES/PRSI-STUDIO/eclipse//../1_8_0_162/bin/../jre/bin;C:/PRSI/STAGES/PRSI-STUDIO/eclipse//../1_8_0_162/bin/../jre/lib/amd64;C:\PRSI\formation\OpenClassRoom\EDI Eclipse\etape2\chap1_install\JDK8\bin;C:\Program Files\Dell\DW WLAN Card;C:\WINDOWS\system32;C:\WINDOWS;C:\WINDOWS\System32\Wbem;C:\WINDOWS\System32\WindowsPowerShell\v1.0\;c:\Program Files\WIDCOMM\Bluetooth Software\;c:\Program Files\WIDCOMM\Bluetooth Software\syswow64;C:\WINDOWS\System32\OpenSSH\;C:\Program Files (x86)\Intel\Intel(R) Management Engine Components\DAL;C:\Program Files\Intel\Intel(R) Management Engine Components\DAL;C:\PRSI\STAGES\Git\cmd;C:\Program Files (x86)\Intel\iCLS Client\;C:\ProgramData\Oracle\Java\javapath;C:\Program Files\Dell\DW WLAN Card;C:\Program Files\Intel\iCLS Client\;C:\WINDOWS\system32;C:\WINDOWS;C:\WINDOWS\System32\Wbem;C:\WINDOWS\System32\WindowsPowerShell\v1.0\;c:\Program Files\WIDCOMM\Bluetooth Software\;c:\Program Files\WIDCOMM\Bluetooth Software\syswow64;C:\Program Files (x86)\Intel\Intel(R) Management Engine Components\DAL;C:\Program Files\Intel\Intel(R) Management Engine Components\DAL;C:\Program Files (x86)\Intel\Intel(R) Management Engine Components\IPT;C:\Program Files\Intel\Intel(R) Management Engine Components\IPT;C:\WINDOWS\System32\OpenSSH\;%PATH;C:\PRSI\Etude Maven\apache-maven-3.6.0\bin;C:\PRSI\Etude Maven\apache-maven-3.6.0\bin;C:\Users\COMMUNICATION\AppData\Local\Microsoft\WindowsApps;C:\PRSI\STAGES\PRSI-STUDIO\1_8_0_162\bin;;C:\PRSI\formation\OpenClassRoom\EDI Eclipse\Microsoft VS Code\bin;C:\PRSI\STAGES\IntelliJ IDEA 2019.3.4\bin;;C:\PRSI\STAGES\PRSI-STUDIO\eclipse;;."/>
    <property name="java.specification.name" value="Java Platform API Specification"/>
    <property name="java.class.version" value="52.0"/>
    <property name="sun.management.compiler" value="HotSpot 64-Bit Tiered Compilers"/>
    <property name="os.version" value="10.0"/>
    <property name="user.home" value="C:\Users\COMMUNICATION"/>
    <property name="user.timezone" value="Europe/Paris"/>
    <property name="java.awt.printerjob" value="sun.awt.windows.WPrinterJob"/>
    <property name="java.specification.version" value="1.8"/>
    <property name="file.encoding" value="Cp1252"/>
    <property name="user.name" value="COMMUNICATION"/>
    <property name="java.class.path" value="C:\PRSI\STAGES\PRSI-STUDIO\eclipse\plugins\org.eclipse.m2e.maven.runtime_1.9.1.20180912-1600\jars\plexus-classworlds-2.5.2.jar"/>
    <property name="java.vm.specification.version" value="1.8"/>
    <property name="sun.arch.data.model" value="64"/>
    <property name="java.home" value="C:\PRSI\STAGES\PRSI-STUDIO\1_8_0_162\jre"/>
    <property name="sun.java.command" value="org.codehaus.plexus.classworlds.launcher.Launcher -B -s C:\PRSI\STAGES\PRSI-STUDIO\.m2\settings.xml deploy"/>
    <property name="java.specification.vendor" value="Oracle Corporation"/>
    <property name="user.language" value="fr"/>
    <property name="awt.toolkit" value="sun.awt.windows.WToolkit"/>
    <property name="java.vm.info" value="mixed mode"/>
    <property name="java.version" value="1.8.0_162"/>
    <property name="java.ext.dirs" value="C:\PRSI\STAGES\PRSI-STUDIO\1_8_0_162\jre\lib\ext;C:\WINDOWS\Sun\Java\lib\ext"/>
    <property name="sun.boot.class.path" value="C:\PRSI\STAGES\PRSI-STUDIO\1_8_0_162\jre\lib\resources.jar;C:\PRSI\STAGES\PRSI-STUDIO\1_8_0_162\jre\lib\rt.jar;C:\PRSI\STAGES\PRSI-STUDIO\1_8_0_162\jre\lib\sunrsasign.jar;C:\PRSI\STAGES\PRSI-STUDIO\1_8_0_162\jre\lib\jsse.jar;C:\PRSI\STAGES\PRSI-STUDIO\1_8_0_162\jre\lib\jce.jar;C:\PRSI\STAGES\PRSI-STUDIO\1_8_0_162\jre\lib\charsets.jar;C:\PRSI\STAGES\PRSI-STUDIO\1_8_0_162\jre\lib\jfr.jar;C:\PRSI\STAGES\PRSI-STUDIO\1_8_0_162\jre\classes"/>
    <property name="java.vendor" value="Oracle Corporation"/>
    <property name="maven.home" value="C:\PRSI\STAGES\Git\CLR\CLR\CLR\CLR_UtilConsole\EMBEDDED"/>
    <property name="file.separator" value="\"/>
    <property name="java.vendor.url.bug" value="http://bugreport.sun.com/bugreport/"/>
    <property name="sun.cpu.endian" value="little"/>
    <property name="sun.io.unicode.encoding" value="UnicodeLittle"/>
    <property name="sun.desktop" value="windows"/>
    <property name="sun.cpu.isalist" value="amd64"/>
  </properties>
  <testcase name="testLireFichierTexte" classname="fr.christophelouer.utilconsole.common.file.util.GestionFichiersTest" time="0.018"/>
  <testcase name="testLireFichierTexteIOException" classname="fr.christophelouer.utilconsole.common.file.util.GestionFichiersTest" time="0.001"/>
  <testcase name="testEcrireFichierOctetsStream" classname="fr.christophelouer.utilconsole.common.file.util.GestionFichiersTest" time="0.022"/>
  <testcase name="testLireFichierOctets" classname="fr.christophelouer.utilconsole.common.file.util.GestionFichiersTest" time="0.023"/>
  <testcase name="testEcrireFichierTexte" classname="fr.christophelouer.utilconsole.common.file.util.GestionFichiersTest" time="0.002"/>
</testsuite>